
2013-09-04 23:33:00 Error: [PDOException] SQLSTATE[23000]: Integrity constraint violation: 1048 Column 'paid' cannot be null
#0 /var/www/inventory/lib/Cake/Model/Datasource/DboSource.php(461): PDOStatement->execute(Array)
#1 /var/www/inventory/lib/Cake/Model/Datasource/DboSource.php(427): DboSource->_execute('INSERT INTO `in...', Array)
#2 /var/www/inventory/lib/Cake/Model/Datasource/DboSource.php(1009): DboSource->execute('INSERT INTO `in...')
#3 /var/www/inventory/lib/Cake/Model/Model.php(1730): DboSource->create(Object(Sell), Array, Array)
#4 /var/www/inventory/lib/Cake/Model/Model.php(2225): Model->save(Array, Array)
#5 /var/www/inventory/app/Controller/SellsController.php(57): Model->saveAssociated(Array)
#6 [internal function]: SellsController->add()
#7 /var/www/inventory/lib/Cake/Controller/Controller.php(485): ReflectionMethod->invokeArgs(Object(SellsController), Array)
#8 /var/www/inventory/lib/Cake/Routing/Dispatcher.php(186): Controller->invokeAction(Object(CakeRequest))
#9 /var/www/inventory/lib/Cake/Routing/Dispatcher.php(161): Dispatcher->_invoke(Object(SellsController), Object(CakeRequest), Object(CakeResponse))
#10 /var/www/inventory/app/webroot/index.php(92): Dispatcher->dispatch(Object(CakeRequest), Object(CakeResponse))
#11 {main}
2013-09-04 23:34:05 Error: [PDOException] SQLSTATE[23000]: Integrity constraint violation: 1048 Column 'paid' cannot be null
#0 /var/www/inventory/lib/Cake/Model/Datasource/DboSource.php(461): PDOStatement->execute(Array)
#1 /var/www/inventory/lib/Cake/Model/Datasource/DboSource.php(427): DboSource->_execute('INSERT INTO `in...', Array)
#2 /var/www/inventory/lib/Cake/Model/Datasource/DboSource.php(1009): DboSource->execute('INSERT INTO `in...')
#3 /var/www/inventory/lib/Cake/Model/Model.php(1730): DboSource->create(Object(Sell), Array, Array)
#4 /var/www/inventory/lib/Cake/Model/Model.php(2225): Model->save(Array, Array)
#5 /var/www/inventory/app/Controller/SellsController.php(57): Model->saveAssociated(Array)
#6 [internal function]: SellsController->add()
#7 /var/www/inventory/lib/Cake/Controller/Controller.php(485): ReflectionMethod->invokeArgs(Object(SellsController), Array)
#8 /var/www/inventory/lib/Cake/Routing/Dispatcher.php(186): Controller->invokeAction(Object(CakeRequest))
#9 /var/www/inventory/lib/Cake/Routing/Dispatcher.php(161): Dispatcher->_invoke(Object(SellsController), Object(CakeRequest), Object(CakeResponse))
#10 /var/www/inventory/app/webroot/index.php(92): Dispatcher->dispatch(Object(CakeRequest), Object(CakeResponse))
#11 {main}
2013-09-05 00:00:27 Error: [PDOException] SQLSTATE[23000]: Integrity constraint violation: 1048 Column 'paid' cannot be null
#0 /var/www/inventory/lib/Cake/Model/Datasource/DboSource.php(461): PDOStatement->execute(Array)
#1 /var/www/inventory/lib/Cake/Model/Datasource/DboSource.php(427): DboSource->_execute('INSERT INTO `in...', Array)
#2 /var/www/inventory/lib/Cake/Model/Datasource/DboSource.php(1009): DboSource->execute('INSERT INTO `in...')
#3 /var/www/inventory/lib/Cake/Model/Model.php(1730): DboSource->create(Object(Purchase), Array, Array)
#4 /var/www/inventory/lib/Cake/Model/Model.php(2225): Model->save(Array, Array)
#5 /var/www/inventory/app/Controller/PurchasesController.php(69): Model->saveAssociated(Array)
#6 [internal function]: PurchasesController->add()
#7 /var/www/inventory/lib/Cake/Controller/Controller.php(485): ReflectionMethod->invokeArgs(Object(PurchasesController), Array)
#8 /var/www/inventory/lib/Cake/Routing/Dispatcher.php(186): Controller->invokeAction(Object(CakeRequest))
#9 /var/www/inventory/lib/Cake/Routing/Dispatcher.php(161): Dispatcher->_invoke(Object(PurchasesController), Object(CakeRequest), Object(CakeResponse))
#10 /var/www/inventory/app/webroot/index.php(92): Dispatcher->dispatch(Object(CakeRequest), Object(CakeResponse))
#11 {main}
2013-09-05 00:36:51 Error: [PDOException] SQLSTATE[23000]: Integrity constraint violation: 1048 Column 'paid' cannot be null
#0 /var/www/inventory/lib/Cake/Model/Datasource/DboSource.php(461): PDOStatement->execute(Array)
#1 /var/www/inventory/lib/Cake/Model/Datasource/DboSource.php(427): DboSource->_execute('INSERT INTO `in...', Array)
#2 /var/www/inventory/lib/Cake/Model/Datasource/DboSource.php(1009): DboSource->execute('INSERT INTO `in...')
#3 /var/www/inventory/lib/Cake/Model/Model.php(1730): DboSource->create(Object(Sell), Array, Array)
#4 /var/www/inventory/lib/Cake/Model/Model.php(2225): Model->save(Array, Array)
#5 /var/www/inventory/app/Controller/SellsController.php(45): Model->saveAssociated(Array)
#6 [internal function]: SellsController->add()
#7 /var/www/inventory/lib/Cake/Controller/Controller.php(485): ReflectionMethod->invokeArgs(Object(SellsController), Array)
#8 /var/www/inventory/lib/Cake/Routing/Dispatcher.php(186): Controller->invokeAction(Object(CakeRequest))
#9 /var/www/inventory/lib/Cake/Routing/Dispatcher.php(161): Dispatcher->_invoke(Object(SellsController), Object(CakeRequest), Object(CakeResponse))
#10 /var/www/inventory/app/webroot/index.php(92): Dispatcher->dispatch(Object(CakeRequest), Object(CakeResponse))
#11 {main}
2013-09-05 09:36:13 Error: Fatal Error (1): Call to undefined method SellsController::prepair_serial_array() in [/var/www/inventory/app/Controller/SellsController.php, line 45]
2013-09-05 09:36:13 Error: [FatalErrorException] Call to undefined method SellsController::prepair_serial_array()
#0 /var/www/inventory/lib/Cake/Error/ErrorHandler.php(162): ErrorHandler::handleFatalError(1, 'Call to undefin...', '/var/www/invent...', 45)
#1 [internal function]: ErrorHandler::handleError(1, 'Call to undefin...', '/var/www/invent...', 45, Array)
#2 /var/www/inventory/lib/Cake/Core/App.php(926): call_user_func('ErrorHandler::h...', 1, 'Call to undefin...', '/var/www/invent...', 45, Array)
#3 /var/www/inventory/lib/Cake/Core/App.php(899): App::_checkFatalError()
#4 [internal function]: App::shutdown()
#5 {main}
2013-09-05 09:42:26 Error: Fatal Error (1): Call to undefined method SellsController::prepair_serial_array() in [/var/www/inventory/app/Controller/SellsController.php, line 45]
2013-09-05 09:42:26 Error: [FatalErrorException] Call to undefined method SellsController::prepair_serial_array()
#0 /var/www/inventory/lib/Cake/Error/ErrorHandler.php(162): ErrorHandler::handleFatalError(1, 'Call to undefin...', '/var/www/invent...', 45)
#1 [internal function]: ErrorHandler::handleError(1, 'Call to undefin...', '/var/www/invent...', 45, Array)
#2 /var/www/inventory/lib/Cake/Core/App.php(926): call_user_func('ErrorHandler::h...', 1, 'Call to undefin...', '/var/www/invent...', 45, Array)
#3 /var/www/inventory/lib/Cake/Core/App.php(899): App::_checkFatalError()
#4 [internal function]: App::shutdown()
#5 {main}
2013-09-05 09:58:25 Error: [MissingTableException] Table puchasedetails for model Puchasedetail was not found in datasource default.
#0 /var/www/inventory/lib/Cake/Model/Model.php(3179): Model->setSource('puchasedetails')
#1 /var/www/inventory/lib/Cake/Model/Datasource/DboSource.php(1068): Model->getDataSource()
#2 /var/www/inventory/lib/Cake/Model/Model.php(2630): DboSource->read(Object(Brand), Array)
#3 /var/www/inventory/lib/Cake/Model/Model.php(1516): Model->find('first', Array)
#4 /var/www/inventory/app/Controller/BrandsController.php(32): Model->read(NULL, '1')
#5 [internal function]: BrandsController->view('1')
#6 /var/www/inventory/lib/Cake/Controller/Controller.php(485): ReflectionMethod->invokeArgs(Object(BrandsController), Array)
#7 /var/www/inventory/lib/Cake/Routing/Dispatcher.php(186): Controller->invokeAction(Object(CakeRequest))
#8 /var/www/inventory/lib/Cake/Routing/Dispatcher.php(161): Dispatcher->_invoke(Object(BrandsController), Object(CakeRequest), Object(CakeResponse))
#9 /var/www/inventory/app/webroot/index.php(92): Dispatcher->dispatch(Object(CakeRequest), Object(CakeResponse))
#10 {main}
2013-09-05 10:04:47 Error: [PDOException] SQLSTATE[42000]: Syntax error or access violation: 1064 You have an error in your SQL syntax; check the manual that corresponds to your MySQL server version for the right syntax to use near ' purchasedetail_id = '20'' at line 1
#0 /var/www/inventory/lib/Cake/Model/Datasource/DboSource.php(461): PDOStatement->execute(Array)
#1 /var/www/inventory/lib/Cake/Model/Datasource/DboSource.php(427): DboSource->_execute('Update products...', Array)
#2 /var/www/inventory/lib/Cake/Model/Datasource/DboSource.php(671): DboSource->execute('Update products...', Array, Array)
#3 /var/www/inventory/lib/Cake/Model/Datasource/DboSource.php(540): DboSource->fetchAll('Update products...')
#4 [internal function]: DboSource->query('Update products...')
#5 /var/www/inventory/lib/Cake/Model/Model.php(2996): call_user_func_array(Array, Array)
#6 /var/www/inventory/app/Model/Sell.php(102): Model->query('Update products...')
#7 /var/www/inventory/app/Controller/SellsController.php(71): Sell->update('4', '20')
#8 /var/www/inventory/app/Controller/SellsController.php(45): SellsController->update_serial_array(Array)
#9 [internal function]: SellsController->add()
#10 /var/www/inventory/lib/Cake/Controller/Controller.php(485): ReflectionMethod->invokeArgs(Object(SellsController), Array)
#11 /var/www/inventory/lib/Cake/Routing/Dispatcher.php(186): Controller->invokeAction(Object(CakeRequest))
#12 /var/www/inventory/lib/Cake/Routing/Dispatcher.php(161): Dispatcher->_invoke(Object(SellsController), Object(CakeRequest), Object(CakeResponse))
#13 /var/www/inventory/app/webroot/index.php(92): Dispatcher->dispatch(Object(CakeRequest), Object(CakeResponse))
#14 {main}
2013-09-05 10:32:11 Error: [PDOException] SQLSTATE[42S22]: Column not found: 1054 Unknown column 'Productserial.sellsdetail_id' in 'on clause'
#0 /var/www/inventory/lib/Cake/Model/Datasource/DboSource.php(461): PDOStatement->execute(Array)
#1 /var/www/inventory/lib/Cake/Model/Datasource/DboSource.php(427): DboSource->_execute('SELECT `Product...', Array)
#2 /var/www/inventory/lib/Cake/Model/Datasource/DboSource.php(671): DboSource->execute('SELECT `Product...', Array, Array)
#3 /var/www/inventory/lib/Cake/Model/Datasource/DboSource.php(1082): DboSource->fetchAll('SELECT `Product...', false)
#4 /var/www/inventory/lib/Cake/Model/Model.php(2630): DboSource->read(Object(Productserial), Array)
#5 /var/www/inventory/lib/Cake/Controller/Component/PaginatorComponent.php(173): Model->find('all', Array)
#6 /var/www/inventory/lib/Cake/Controller/Controller.php(1082): PaginatorComponent->paginate(NULL, Array, Array)
#7 /var/www/inventory/app/Controller/ProductserialsController.php(18): Controller->paginate()
#8 [internal function]: ProductserialsController->index('28')
#9 /var/www/inventory/lib/Cake/Controller/Controller.php(485): ReflectionMethod->invokeArgs(Object(ProductserialsController), Array)
#10 /var/www/inventory/lib/Cake/Routing/Dispatcher.php(186): Controller->invokeAction(Object(CakeRequest))
#11 /var/www/inventory/lib/Cake/Routing/Dispatcher.php(161): Dispatcher->_invoke(Object(ProductserialsController), Object(CakeRequest), Object(CakeResponse))
#12 /var/www/inventory/app/webroot/index.php(92): Dispatcher->dispatch(Object(CakeRequest), Object(CakeResponse))
#13 {main}
2013-09-05 14:45:14 Error: [PDOException] SQLSTATE[42S22]: Column not found: 1054 Unknown column 'Sellsdetail.product_id' in 'on clause'
#0 /var/www/inventory/lib/Cake/Model/Datasource/DboSource.php(461): PDOStatement->execute(Array)
#1 /var/www/inventory/lib/Cake/Model/Datasource/DboSource.php(427): DboSource->_execute('SELECT `Sellsde...', Array)
#2 /var/www/inventory/lib/Cake/Model/Datasource/DboSource.php(671): DboSource->execute('SELECT `Sellsde...', Array, Array)
#3 /var/www/inventory/lib/Cake/Model/Datasource/DboSource.php(1082): DboSource->fetchAll('SELECT `Sellsde...', false)
#4 /var/www/inventory/lib/Cake/Model/Model.php(2630): DboSource->read(Object(Sellsdetail), Array)
#5 /var/www/inventory/lib/Cake/Controller/Component/PaginatorComponent.php(173): Model->find('all', Array)
#6 /var/www/inventory/lib/Cake/Controller/Controller.php(1082): PaginatorComponent->paginate(NULL, Array, Array)
#7 /var/www/inventory/app/Controller/SellsdetailsController.php(18): Controller->paginate()
#8 [internal function]: SellsdetailsController->index('66')
#9 /var/www/inventory/lib/Cake/Controller/Controller.php(485): ReflectionMethod->invokeArgs(Object(SellsdetailsController), Array)
#10 /var/www/inventory/lib/Cake/Routing/Dispatcher.php(186): Controller->invokeAction(Object(CakeRequest))
#11 /var/www/inventory/lib/Cake/Routing/Dispatcher.php(161): Dispatcher->_invoke(Object(SellsdetailsController), Object(CakeRequest), Object(CakeResponse))
#12 /var/www/inventory/app/webroot/index.php(92): Dispatcher->dispatch(Object(CakeRequest), Object(CakeResponse))
#13 {main}
2013-09-05 14:48:49 Error: [PDOException] SQLSTATE[42S22]: Column not found: 1054 Unknown column 'Sellsdetail.product_id' in 'on clause'
#0 /var/www/inventory/lib/Cake/Model/Datasource/DboSource.php(461): PDOStatement->execute(Array)
#1 /var/www/inventory/lib/Cake/Model/Datasource/DboSource.php(427): DboSource->_execute('SELECT `Sellsde...', Array)
#2 /var/www/inventory/lib/Cake/Model/Datasource/DboSource.php(671): DboSource->execute('SELECT `Sellsde...', Array, Array)
#3 /var/www/inventory/lib/Cake/Model/Datasource/DboSource.php(1082): DboSource->fetchAll('SELECT `Sellsde...', false)
#4 /var/www/inventory/lib/Cake/Model/Model.php(2630): DboSource->read(Object(Sellsdetail), Array)
#5 /var/www/inventory/lib/Cake/Controller/Component/PaginatorComponent.php(173): Model->find('all', Array)
#6 /var/www/inventory/lib/Cake/Controller/Controller.php(1082): PaginatorComponent->paginate(NULL, Array, Array)
#7 /var/www/inventory/app/Controller/SellsdetailsController.php(18): Controller->paginate()
#8 [internal function]: SellsdetailsController->index('66')
#9 /var/www/inventory/lib/Cake/Controller/Controller.php(485): ReflectionMethod->invokeArgs(Object(SellsdetailsController), Array)
#10 /var/www/inventory/lib/Cake/Routing/Dispatcher.php(186): Controller->invokeAction(Object(CakeRequest))
#11 /var/www/inventory/lib/Cake/Routing/Dispatcher.php(161): Dispatcher->_invoke(Object(SellsdetailsController), Object(CakeRequest), Object(CakeResponse))
#12 /var/www/inventory/app/webroot/index.php(92): Dispatcher->dispatch(Object(CakeRequest), Object(CakeResponse))
#13 {main}
2013-09-05 14:48:55 Error: [PDOException] SQLSTATE[42S22]: Column not found: 1054 Unknown column 'Sellsdetail.product_id' in 'on clause'
#0 /var/www/inventory/lib/Cake/Model/Datasource/DboSource.php(461): PDOStatement->execute(Array)
#1 /var/www/inventory/lib/Cake/Model/Datasource/DboSource.php(427): DboSource->_execute('SELECT `Sellsde...', Array)
#2 /var/www/inventory/lib/Cake/Model/Datasource/DboSource.php(671): DboSource->execute('SELECT `Sellsde...', Array, Array)
#3 /var/www/inventory/lib/Cake/Model/Datasource/DboSource.php(1082): DboSource->fetchAll('SELECT `Sellsde...', false)
#4 /var/www/inventory/lib/Cake/Model/Model.php(2630): DboSource->read(Object(Sellsdetail), Array)
#5 /var/www/inventory/lib/Cake/Controller/Component/PaginatorComponent.php(173): Model->find('all', Array)
#6 /var/www/inventory/lib/Cake/Controller/Controller.php(1082): PaginatorComponent->paginate(NULL, Array, Array)
#7 /var/www/inventory/app/Controller/SellsdetailsController.php(18): Controller->paginate()
#8 [internal function]: SellsdetailsController->index('66')
#9 /var/www/inventory/lib/Cake/Controller/Controller.php(485): ReflectionMethod->invokeArgs(Object(SellsdetailsController), Array)
#10 /var/www/inventory/lib/Cake/Routing/Dispatcher.php(186): Controller->invokeAction(Object(CakeRequest))
#11 /var/www/inventory/lib/Cake/Routing/Dispatcher.php(161): Dispatcher->_invoke(Object(SellsdetailsController), Object(CakeRequest), Object(CakeResponse))
#12 /var/www/inventory/app/webroot/index.php(92): Dispatcher->dispatch(Object(CakeRequest), Object(CakeResponse))
#13 {main}
2013-09-05 14:53:04 Error: Fatal Error (1): Call to a member function find() on a non-object in [/var/www/inventory/app/Controller/SellsdetailsController.php, line 54]
2013-09-05 14:53:04 Error: [FatalErrorException] Call to a member function find() on a non-object
#0 /var/www/inventory/lib/Cake/Error/ErrorHandler.php(162): ErrorHandler::handleFatalError(1, 'Call to a membe...', '/var/www/invent...', 54)
#1 [internal function]: ErrorHandler::handleError(1, 'Call to a membe...', '/var/www/invent...', 54, Array)
#2 /var/www/inventory/lib/Cake/Core/App.php(926): call_user_func('ErrorHandler::h...', 1, 'Call to a membe...', '/var/www/invent...', 54, Array)
#3 /var/www/inventory/lib/Cake/Core/App.php(899): App::_checkFatalError()
#4 [internal function]: App::shutdown()
#5 {main}
2013-09-05 14:57:19 Error: Fatal Error (1): Call to a member function find() on a non-object in [/var/www/inventory/app/Controller/SellsdetailsController.php, line 82]
2013-09-05 14:57:19 Error: [FatalErrorException] Call to a member function find() on a non-object
#0 /var/www/inventory/lib/Cake/Error/ErrorHandler.php(162): ErrorHandler::handleFatalError(1, 'Call to a membe...', '/var/www/invent...', 82)
#1 [internal function]: ErrorHandler::handleError(1, 'Call to a membe...', '/var/www/invent...', 82, Array)
#2 /var/www/inventory/lib/Cake/Core/App.php(926): call_user_func('ErrorHandler::h...', 1, 'Call to a membe...', '/var/www/invent...', 82, Array)
#3 /var/www/inventory/lib/Cake/Core/App.php(899): App::_checkFatalError()
#4 [internal function]: App::shutdown()
#5 {main}
2013-09-05 17:01:01 Error: [MissingViewException] View file "/var/www/inventory/app/View/Purchasedetails/selledititems.ctp" is missing.
#0 /var/www/inventory/lib/Cake/View/View.php(472): View->_getViewFileName('selledititems')
#1 /var/www/inventory/lib/Cake/Controller/Controller.php(957): View->render('selledititems', NULL)
#2 /var/www/inventory/app/Controller/PurchasedetailsController.php(28): Controller->render('selledititems')
#3 [internal function]: PurchasedetailsController->sellsitems()
#4 /var/www/inventory/lib/Cake/Controller/Controller.php(485): ReflectionMethod->invokeArgs(Object(PurchasedetailsController), Array)
#5 /var/www/inventory/lib/Cake/Routing/Dispatcher.php(186): Controller->invokeAction(Object(CakeRequest))
#6 /var/www/inventory/lib/Cake/Routing/Dispatcher.php(161): Dispatcher->_invoke(Object(PurchasedetailsController), Object(CakeRequest), Object(CakeResponse))
#7 /var/www/inventory/app/webroot/index.php(92): Dispatcher->dispatch(Object(CakeRequest), Object(CakeResponse))
#8 {main}
2013-09-05 17:01:02 Error: [MissingViewException] View file "/var/www/inventory/app/View/Purchasedetails/selledititems.ctp" is missing.
#0 /var/www/inventory/lib/Cake/View/View.php(472): View->_getViewFileName('selledititems')
#1 /var/www/inventory/lib/Cake/Controller/Controller.php(957): View->render('selledititems', NULL)
#2 /var/www/inventory/app/Controller/PurchasedetailsController.php(28): Controller->render('selledititems')
#3 [internal function]: PurchasedetailsController->sellsitems()
#4 /var/www/inventory/lib/Cake/Controller/Controller.php(485): ReflectionMethod->invokeArgs(Object(PurchasedetailsController), Array)
#5 /var/www/inventory/lib/Cake/Routing/Dispatcher.php(186): Controller->invokeAction(Object(CakeRequest))
#6 /var/www/inventory/lib/Cake/Routing/Dispatcher.php(161): Dispatcher->_invoke(Object(PurchasedetailsController), Object(CakeRequest), Object(CakeResponse))
#7 /var/www/inventory/app/webroot/index.php(92): Dispatcher->dispatch(Object(CakeRequest), Object(CakeResponse))
#8 {main}
2013-09-05 17:01:02 Error: [MissingViewException] View file "/var/www/inventory/app/View/Purchasedetails/selledititems.ctp" is missing.
#0 /var/www/inventory/lib/Cake/View/View.php(472): View->_getViewFileName('selledititems')
#1 /var/www/inventory/lib/Cake/Controller/Controller.php(957): View->render('selledititems', NULL)
#2 /var/www/inventory/app/Controller/PurchasedetailsController.php(28): Controller->render('selledititems')
#3 [internal function]: PurchasedetailsController->sellsitems()
#4 /var/www/inventory/lib/Cake/Controller/Controller.php(485): ReflectionMethod->invokeArgs(Object(PurchasedetailsController), Array)
#5 /var/www/inventory/lib/Cake/Routing/Dispatcher.php(186): Controller->invokeAction(Object(CakeRequest))
#6 /var/www/inventory/lib/Cake/Routing/Dispatcher.php(161): Dispatcher->_invoke(Object(PurchasedetailsController), Object(CakeRequest), Object(CakeResponse))
#7 /var/www/inventory/app/webroot/index.php(92): Dispatcher->dispatch(Object(CakeRequest), Object(CakeResponse))
#8 {main}
2013-09-05 17:01:06 Error: [MissingViewException] View file "/var/www/inventory/app/View/Purchasedetails/selledititems.ctp" is missing.
#0 /var/www/inventory/lib/Cake/View/View.php(472): View->_getViewFileName('selledititems')
#1 /var/www/inventory/lib/Cake/Controller/Controller.php(957): View->render('selledititems', NULL)
#2 /var/www/inventory/app/Controller/PurchasedetailsController.php(28): Controller->render('selledititems')
#3 [internal function]: PurchasedetailsController->sellsitems()
#4 /var/www/inventory/lib/Cake/Controller/Controller.php(485): ReflectionMethod->invokeArgs(Object(PurchasedetailsController), Array)
#5 /var/www/inventory/lib/Cake/Routing/Dispatcher.php(186): Controller->invokeAction(Object(CakeRequest))
#6 /var/www/inventory/lib/Cake/Routing/Dispatcher.php(161): Dispatcher->_invoke(Object(PurchasedetailsController), Object(CakeRequest), Object(CakeResponse))
#7 /var/www/inventory/app/webroot/index.php(92): Dispatcher->dispatch(Object(CakeRequest), Object(CakeResponse))
#8 {main}
2013-09-05 17:01:19 Error: [MissingViewException] View file "/var/www/inventory/app/View/Purchasedetails/selledititems.ctp" is missing.
#0 /var/www/inventory/lib/Cake/View/View.php(472): View->_getViewFileName('selledititems')
#1 /var/www/inventory/lib/Cake/Controller/Controller.php(957): View->render('selledititems', NULL)
#2 /var/www/inventory/app/Controller/PurchasedetailsController.php(28): Controller->render('selledititems')
#3 [internal function]: PurchasedetailsController->sellsitems()
#4 /var/www/inventory/lib/Cake/Controller/Controller.php(485): ReflectionMethod->invokeArgs(Object(PurchasedetailsController), Array)
#5 /var/www/inventory/lib/Cake/Routing/Dispatcher.php(186): Controller->invokeAction(Object(CakeRequest))
#6 /var/www/inventory/lib/Cake/Routing/Dispatcher.php(161): Dispatcher->_invoke(Object(PurchasedetailsController), Object(CakeRequest), Object(CakeResponse))
#7 /var/www/inventory/app/webroot/index.php(92): Dispatcher->dispatch(Object(CakeRequest), Object(CakeResponse))
#8 {main}
2013-09-05 17:05:22 Error: [MissingViewException] View file "/var/www/inventory/app/View/Purchasedetails/selledititems.ctp" is missing.
#0 /var/www/inventory/lib/Cake/View/View.php(472): View->_getViewFileName('selledititems')
#1 /var/www/inventory/lib/Cake/Controller/Controller.php(957): View->render('selledititems', NULL)
#2 /var/www/inventory/app/Controller/PurchasedetailsController.php(30): Controller->render('selledititems')
#3 [internal function]: PurchasedetailsController->sellsitems()
#4 /var/www/inventory/lib/Cake/Controller/Controller.php(485): ReflectionMethod->invokeArgs(Object(PurchasedetailsController), Array)
#5 /var/www/inventory/lib/Cake/Routing/Dispatcher.php(186): Controller->invokeAction(Object(CakeRequest))
#6 /var/www/inventory/lib/Cake/Routing/Dispatcher.php(161): Dispatcher->_invoke(Object(PurchasedetailsController), Object(CakeRequest), Object(CakeResponse))
#7 /var/www/inventory/app/webroot/index.php(92): Dispatcher->dispatch(Object(CakeRequest), Object(CakeResponse))
#8 {main}
2013-09-05 17:05:23 Error: [MissingViewException] View file "/var/www/inventory/app/View/Purchasedetails/selledititems.ctp" is missing.
#0 /var/www/inventory/lib/Cake/View/View.php(472): View->_getViewFileName('selledititems')
#1 /var/www/inventory/lib/Cake/Controller/Controller.php(957): View->render('selledititems', NULL)
#2 /var/www/inventory/app/Controller/PurchasedetailsController.php(30): Controller->render('selledititems')
#3 [internal function]: PurchasedetailsController->sellsitems()
#4 /var/www/inventory/lib/Cake/Controller/Controller.php(485): ReflectionMethod->invokeArgs(Object(PurchasedetailsController), Array)
#5 /var/www/inventory/lib/Cake/Routing/Dispatcher.php(186): Controller->invokeAction(Object(CakeRequest))
#6 /var/www/inventory/lib/Cake/Routing/Dispatcher.php(161): Dispatcher->_invoke(Object(PurchasedetailsController), Object(CakeRequest), Object(CakeResponse))
#7 /var/www/inventory/app/webroot/index.php(92): Dispatcher->dispatch(Object(CakeRequest), Object(CakeResponse))
#8 {main}
2013-09-05 17:05:28 Error: [MissingViewException] View file "/var/www/inventory/app/View/Purchasedetails/selledititems.ctp" is missing.
#0 /var/www/inventory/lib/Cake/View/View.php(472): View->_getViewFileName('selledititems')
#1 /var/www/inventory/lib/Cake/Controller/Controller.php(957): View->render('selledititems', NULL)
#2 /var/www/inventory/app/Controller/PurchasedetailsController.php(30): Controller->render('selledititems')
#3 [internal function]: PurchasedetailsController->sellsitems()
#4 /var/www/inventory/lib/Cake/Controller/Controller.php(485): ReflectionMethod->invokeArgs(Object(PurchasedetailsController), Array)
#5 /var/www/inventory/lib/Cake/Routing/Dispatcher.php(186): Controller->invokeAction(Object(CakeRequest))
#6 /var/www/inventory/lib/Cake/Routing/Dispatcher.php(161): Dispatcher->_invoke(Object(PurchasedetailsController), Object(CakeRequest), Object(CakeResponse))
#7 /var/www/inventory/app/webroot/index.php(92): Dispatcher->dispatch(Object(CakeRequest), Object(CakeResponse))
#8 {main}
2013-09-05 17:05:41 Error: [MissingViewException] View file "/var/www/inventory/app/View/Purchasedetails/selledititems.ctp" is missing.
#0 /var/www/inventory/lib/Cake/View/View.php(472): View->_getViewFileName('selledititems')
#1 /var/www/inventory/lib/Cake/Controller/Controller.php(957): View->render('selledititems', NULL)
#2 /var/www/inventory/app/Controller/PurchasedetailsController.php(30): Controller->render('selledititems')
#3 [internal function]: PurchasedetailsController->sellsitems()
#4 /var/www/inventory/lib/Cake/Controller/Controller.php(485): ReflectionMethod->invokeArgs(Object(PurchasedetailsController), Array)
#5 /var/www/inventory/lib/Cake/Routing/Dispatcher.php(186): Controller->invokeAction(Object(CakeRequest))
#6 /var/www/inventory/lib/Cake/Routing/Dispatcher.php(161): Dispatcher->_invoke(Object(PurchasedetailsController), Object(CakeRequest), Object(CakeResponse))
#7 /var/www/inventory/app/webroot/index.php(92): Dispatcher->dispatch(Object(CakeRequest), Object(CakeResponse))
#8 {main}
2013-09-05 17:05:58 Error: [MissingViewException] View file "/var/www/inventory/app/View/Purchasedetails/selledititems.ctp" is missing.
#0 /var/www/inventory/lib/Cake/View/View.php(472): View->_getViewFileName('selledititems')
#1 /var/www/inventory/lib/Cake/Controller/Controller.php(957): View->render('selledititems', NULL)
#2 /var/www/inventory/app/Controller/PurchasedetailsController.php(30): Controller->render('selledititems')
#3 [internal function]: PurchasedetailsController->sellsitems()
#4 /var/www/inventory/lib/Cake/Controller/Controller.php(485): ReflectionMethod->invokeArgs(Object(PurchasedetailsController), Array)
#5 /var/www/inventory/lib/Cake/Routing/Dispatcher.php(186): Controller->invokeAction(Object(CakeRequest))
#6 /var/www/inventory/lib/Cake/Routing/Dispatcher.php(161): Dispatcher->_invoke(Object(PurchasedetailsController), Object(CakeRequest), Object(CakeResponse))
#7 /var/www/inventory/app/webroot/index.php(92): Dispatcher->dispatch(Object(CakeRequest), Object(CakeResponse))
#8 {main}
2013-09-05 17:05:59 Error: [MissingViewException] View file "/var/www/inventory/app/View/Purchasedetails/selledititems.ctp" is missing.
#0 /var/www/inventory/lib/Cake/View/View.php(472): View->_getViewFileName('selledititems')
#1 /var/www/inventory/lib/Cake/Controller/Controller.php(957): View->render('selledititems', NULL)
#2 /var/www/inventory/app/Controller/PurchasedetailsController.php(30): Controller->render('selledititems')
#3 [internal function]: PurchasedetailsController->sellsitems()
#4 /var/www/inventory/lib/Cake/Controller/Controller.php(485): ReflectionMethod->invokeArgs(Object(PurchasedetailsController), Array)
#5 /var/www/inventory/lib/Cake/Routing/Dispatcher.php(186): Controller->invokeAction(Object(CakeRequest))
#6 /var/www/inventory/lib/Cake/Routing/Dispatcher.php(161): Dispatcher->_invoke(Object(PurchasedetailsController), Object(CakeRequest), Object(CakeResponse))
#7 /var/www/inventory/app/webroot/index.php(92): Dispatcher->dispatch(Object(CakeRequest), Object(CakeResponse))
#8 {main}
2013-09-05 17:06:00 Error: [MissingViewException] View file "/var/www/inventory/app/View/Purchasedetails/selledititems.ctp" is missing.
#0 /var/www/inventory/lib/Cake/View/View.php(472): View->_getViewFileName('selledititems')
#1 /var/www/inventory/lib/Cake/Controller/Controller.php(957): View->render('selledititems', NULL)
#2 /var/www/inventory/app/Controller/PurchasedetailsController.php(30): Controller->render('selledititems')
#3 [internal function]: PurchasedetailsController->sellsitems()
#4 /var/www/inventory/lib/Cake/Controller/Controller.php(485): ReflectionMethod->invokeArgs(Object(PurchasedetailsController), Array)
#5 /var/www/inventory/lib/Cake/Routing/Dispatcher.php(186): Controller->invokeAction(Object(CakeRequest))
#6 /var/www/inventory/lib/Cake/Routing/Dispatcher.php(161): Dispatcher->_invoke(Object(PurchasedetailsController), Object(CakeRequest), Object(CakeResponse))
#7 /var/www/inventory/app/webroot/index.php(92): Dispatcher->dispatch(Object(CakeRequest), Object(CakeResponse))
#8 {main}
2013-09-05 17:06:00 Error: [MissingViewException] View file "/var/www/inventory/app/View/Purchasedetails/selledititems.ctp" is missing.
#0 /var/www/inventory/lib/Cake/View/View.php(472): View->_getViewFileName('selledititems')
#1 /var/www/inventory/lib/Cake/Controller/Controller.php(957): View->render('selledititems', NULL)
#2 /var/www/inventory/app/Controller/PurchasedetailsController.php(30): Controller->render('selledititems')
#3 [internal function]: PurchasedetailsController->sellsitems()
#4 /var/www/inventory/lib/Cake/Controller/Controller.php(485): ReflectionMethod->invokeArgs(Object(PurchasedetailsController), Array)
#5 /var/www/inventory/lib/Cake/Routing/Dispatcher.php(186): Controller->invokeAction(Object(CakeRequest))
#6 /var/www/inventory/lib/Cake/Routing/Dispatcher.php(161): Dispatcher->_invoke(Object(PurchasedetailsController), Object(CakeRequest), Object(CakeResponse))
#7 /var/www/inventory/app/webroot/index.php(92): Dispatcher->dispatch(Object(CakeRequest), Object(CakeResponse))
#8 {main}
2013-09-05 17:06:00 Error: [MissingViewException] View file "/var/www/inventory/app/View/Purchasedetails/selledititems.ctp" is missing.
#0 /var/www/inventory/lib/Cake/View/View.php(472): View->_getViewFileName('selledititems')
#1 /var/www/inventory/lib/Cake/Controller/Controller.php(957): View->render('selledititems', NULL)
#2 /var/www/inventory/app/Controller/PurchasedetailsController.php(30): Controller->render('selledititems')
#3 [internal function]: PurchasedetailsController->sellsitems()
#4 /var/www/inventory/lib/Cake/Controller/Controller.php(485): ReflectionMethod->invokeArgs(Object(PurchasedetailsController), Array)
#5 /var/www/inventory/lib/Cake/Routing/Dispatcher.php(186): Controller->invokeAction(Object(CakeRequest))
#6 /var/www/inventory/lib/Cake/Routing/Dispatcher.php(161): Dispatcher->_invoke(Object(PurchasedetailsController), Object(CakeRequest), Object(CakeResponse))
#7 /var/www/inventory/app/webroot/index.php(92): Dispatcher->dispatch(Object(CakeRequest), Object(CakeResponse))
#8 {main}
2013-09-05 17:06:18 Error: [MissingViewException] View file "/var/www/inventory/app/View/Purchasedetails/selledititems.ctp" is missing.
#0 /var/www/inventory/lib/Cake/View/View.php(472): View->_getViewFileName('selledititems')
#1 /var/www/inventory/lib/Cake/Controller/Controller.php(957): View->render('selledititems', NULL)
#2 /var/www/inventory/app/Controller/PurchasedetailsController.php(30): Controller->render('selledititems')
#3 [internal function]: PurchasedetailsController->sellsitems()
#4 /var/www/inventory/lib/Cake/Controller/Controller.php(485): ReflectionMethod->invokeArgs(Object(PurchasedetailsController), Array)
#5 /var/www/inventory/lib/Cake/Routing/Dispatcher.php(186): Controller->invokeAction(Object(CakeRequest))
#6 /var/www/inventory/lib/Cake/Routing/Dispatcher.php(161): Dispatcher->_invoke(Object(PurchasedetailsController), Object(CakeRequest), Object(CakeResponse))
#7 /var/www/inventory/app/webroot/index.php(92): Dispatcher->dispatch(Object(CakeRequest), Object(CakeResponse))
#8 {main}
2013-09-05 17:06:19 Error: [MissingViewException] View file "/var/www/inventory/app/View/Purchasedetails/selledititems.ctp" is missing.
#0 /var/www/inventory/lib/Cake/View/View.php(472): View->_getViewFileName('selledititems')
#1 /var/www/inventory/lib/Cake/Controller/Controller.php(957): View->render('selledititems', NULL)
#2 /var/www/inventory/app/Controller/PurchasedetailsController.php(30): Controller->render('selledititems')
#3 [internal function]: PurchasedetailsController->sellsitems()
#4 /var/www/inventory/lib/Cake/Controller/Controller.php(485): ReflectionMethod->invokeArgs(Object(PurchasedetailsController), Array)
#5 /var/www/inventory/lib/Cake/Routing/Dispatcher.php(186): Controller->invokeAction(Object(CakeRequest))
#6 /var/www/inventory/lib/Cake/Routing/Dispatcher.php(161): Dispatcher->_invoke(Object(PurchasedetailsController), Object(CakeRequest), Object(CakeResponse))
#7 /var/www/inventory/app/webroot/index.php(92): Dispatcher->dispatch(Object(CakeRequest), Object(CakeResponse))
#8 {main}
2013-09-05 17:06:19 Error: [MissingViewException] View file "/var/www/inventory/app/View/Purchasedetails/selledititems.ctp" is missing.
#0 /var/www/inventory/lib/Cake/View/View.php(472): View->_getViewFileName('selledititems')
#1 /var/www/inventory/lib/Cake/Controller/Controller.php(957): View->render('selledititems', NULL)
#2 /var/www/inventory/app/Controller/PurchasedetailsController.php(30): Controller->render('selledititems')
#3 [internal function]: PurchasedetailsController->sellsitems()
#4 /var/www/inventory/lib/Cake/Controller/Controller.php(485): ReflectionMethod->invokeArgs(Object(PurchasedetailsController), Array)
#5 /var/www/inventory/lib/Cake/Routing/Dispatcher.php(186): Controller->invokeAction(Object(CakeRequest))
#6 /var/www/inventory/lib/Cake/Routing/Dispatcher.php(161): Dispatcher->_invoke(Object(PurchasedetailsController), Object(CakeRequest), Object(CakeResponse))
#7 /var/www/inventory/app/webroot/index.php(92): Dispatcher->dispatch(Object(CakeRequest), Object(CakeResponse))
#8 {main}
2013-09-05 17:06:19 Error: [MissingViewException] View file "/var/www/inventory/app/View/Purchasedetails/selledititems.ctp" is missing.
#0 /var/www/inventory/lib/Cake/View/View.php(472): View->_getViewFileName('selledititems')
#1 /var/www/inventory/lib/Cake/Controller/Controller.php(957): View->render('selledititems', NULL)
#2 /var/www/inventory/app/Controller/PurchasedetailsController.php(30): Controller->render('selledititems')
#3 [internal function]: PurchasedetailsController->sellsitems()
#4 /var/www/inventory/lib/Cake/Controller/Controller.php(485): ReflectionMethod->invokeArgs(Object(PurchasedetailsController), Array)
#5 /var/www/inventory/lib/Cake/Routing/Dispatcher.php(186): Controller->invokeAction(Object(CakeRequest))
#6 /var/www/inventory/lib/Cake/Routing/Dispatcher.php(161): Dispatcher->_invoke(Object(PurchasedetailsController), Object(CakeRequest), Object(CakeResponse))
#7 /var/www/inventory/app/webroot/index.php(92): Dispatcher->dispatch(Object(CakeRequest), Object(CakeResponse))
#8 {main}
2013-09-05 17:06:19 Error: [MissingViewException] View file "/var/www/inventory/app/View/Purchasedetails/selledititems.ctp" is missing.
#0 /var/www/inventory/lib/Cake/View/View.php(472): View->_getViewFileName('selledititems')
#1 /var/www/inventory/lib/Cake/Controller/Controller.php(957): View->render('selledititems', NULL)
#2 /var/www/inventory/app/Controller/PurchasedetailsController.php(30): Controller->render('selledititems')
#3 [internal function]: PurchasedetailsController->sellsitems()
#4 /var/www/inventory/lib/Cake/Controller/Controller.php(485): ReflectionMethod->invokeArgs(Object(PurchasedetailsController), Array)
#5 /var/www/inventory/lib/Cake/Routing/Dispatcher.php(186): Controller->invokeAction(Object(CakeRequest))
#6 /var/www/inventory/lib/Cake/Routing/Dispatcher.php(161): Dispatcher->_invoke(Object(PurchasedetailsController), Object(CakeRequest), Object(CakeResponse))
#7 /var/www/inventory/app/webroot/index.php(92): Dispatcher->dispatch(Object(CakeRequest), Object(CakeResponse))
#8 {main}
2013-09-05 17:06:19 Error: [MissingViewException] View file "/var/www/inventory/app/View/Purchasedetails/selledititems.ctp" is missing.
#0 /var/www/inventory/lib/Cake/View/View.php(472): View->_getViewFileName('selledititems')
#1 /var/www/inventory/lib/Cake/Controller/Controller.php(957): View->render('selledititems', NULL)
#2 /var/www/inventory/app/Controller/PurchasedetailsController.php(30): Controller->render('selledititems')
#3 [internal function]: PurchasedetailsController->sellsitems()
#4 /var/www/inventory/lib/Cake/Controller/Controller.php(485): ReflectionMethod->invokeArgs(Object(PurchasedetailsController), Array)
#5 /var/www/inventory/lib/Cake/Routing/Dispatcher.php(186): Controller->invokeAction(Object(CakeRequest))
#6 /var/www/inventory/lib/Cake/Routing/Dispatcher.php(161): Dispatcher->_invoke(Object(PurchasedetailsController), Object(CakeRequest), Object(CakeResponse))
#7 /var/www/inventory/app/webroot/index.php(92): Dispatcher->dispatch(Object(CakeRequest), Object(CakeResponse))
#8 {main}
2013-09-05 17:06:20 Error: [MissingViewException] View file "/var/www/inventory/app/View/Purchasedetails/selledititems.ctp" is missing.
#0 /var/www/inventory/lib/Cake/View/View.php(472): View->_getViewFileName('selledititems')
#1 /var/www/inventory/lib/Cake/Controller/Controller.php(957): View->render('selledititems', NULL)
#2 /var/www/inventory/app/Controller/PurchasedetailsController.php(30): Controller->render('selledititems')
#3 [internal function]: PurchasedetailsController->sellsitems()
#4 /var/www/inventory/lib/Cake/Controller/Controller.php(485): ReflectionMethod->invokeArgs(Object(PurchasedetailsController), Array)
#5 /var/www/inventory/lib/Cake/Routing/Dispatcher.php(186): Controller->invokeAction(Object(CakeRequest))
#6 /var/www/inventory/lib/Cake/Routing/Dispatcher.php(161): Dispatcher->_invoke(Object(PurchasedetailsController), Object(CakeRequest), Object(CakeResponse))
#7 /var/www/inventory/app/webroot/index.php(92): Dispatcher->dispatch(Object(CakeRequest), Object(CakeResponse))
#8 {main}
2013-09-05 17:06:28 Error: [MissingViewException] View file "/var/www/inventory/app/View/Purchasedetails/selledititems.ctp" is missing.
#0 /var/www/inventory/lib/Cake/View/View.php(472): View->_getViewFileName('selledititems')
#1 /var/www/inventory/lib/Cake/Controller/Controller.php(957): View->render('selledititems', NULL)
#2 /var/www/inventory/app/Controller/PurchasedetailsController.php(30): Controller->render('selledititems')
#3 [internal function]: PurchasedetailsController->sellsitems()
#4 /var/www/inventory/lib/Cake/Controller/Controller.php(485): ReflectionMethod->invokeArgs(Object(PurchasedetailsController), Array)
#5 /var/www/inventory/lib/Cake/Routing/Dispatcher.php(186): Controller->invokeAction(Object(CakeRequest))
#6 /var/www/inventory/lib/Cake/Routing/Dispatcher.php(161): Dispatcher->_invoke(Object(PurchasedetailsController), Object(CakeRequest), Object(CakeResponse))
#7 /var/www/inventory/app/webroot/index.php(92): Dispatcher->dispatch(Object(CakeRequest), Object(CakeResponse))
#8 {main}
2013-09-05 17:37:20 Error: [NotFoundException] Invalid sell
#0 [internal function]: SellsController->edit()
#1 /var/www/inventory/lib/Cake/Controller/Controller.php(485): ReflectionMethod->invokeArgs(Object(SellsController), Array)
#2 /var/www/inventory/lib/Cake/Routing/Dispatcher.php(186): Controller->invokeAction(Object(CakeRequest))
#3 /var/www/inventory/lib/Cake/Routing/Dispatcher.php(161): Dispatcher->_invoke(Object(SellsController), Object(CakeRequest), Object(CakeResponse))
#4 /var/www/inventory/app/webroot/index.php(92): Dispatcher->dispatch(Object(CakeRequest), Object(CakeResponse))
#5 {main}
2013-09-05 17:56:15 Error: Fatal Error (1): Call to undefined function emplode() in [/var/www/inventory/app/Controller/SellsdetailsController.php, line 46]
2013-09-05 17:56:15 Error: [FatalErrorException] Call to undefined function emplode()
#0 /var/www/inventory/lib/Cake/Error/ErrorHandler.php(162): ErrorHandler::handleFatalError(1, 'Call to undefin...', '/var/www/invent...', 46)
#1 [internal function]: ErrorHandler::handleError(1, 'Call to undefin...', '/var/www/invent...', 46, Array)
#2 /var/www/inventory/lib/Cake/Core/App.php(926): call_user_func('ErrorHandler::h...', 1, 'Call to undefin...', '/var/www/invent...', 46, Array)
#3 /var/www/inventory/lib/Cake/Core/App.php(899): App::_checkFatalError()
#4 [internal function]: App::shutdown()
#5 {main}
2013-09-05 17:56:36 Error: Fatal Error (1): Call to undefined function emplode() in [/var/www/inventory/app/Controller/SellsdetailsController.php, line 46]
2013-09-05 17:56:36 Error: [FatalErrorException] Call to undefined function emplode()
#0 /var/www/inventory/lib/Cake/Error/ErrorHandler.php(162): ErrorHandler::handleFatalError(1, 'Call to undefin...', '/var/www/invent...', 46)
#1 [internal function]: ErrorHandler::handleError(1, 'Call to undefin...', '/var/www/invent...', 46, Array)
#2 /var/www/inventory/lib/Cake/Core/App.php(926): call_user_func('ErrorHandler::h...', 1, 'Call to undefin...', '/var/www/invent...', 46, Array)
#3 /var/www/inventory/lib/Cake/Core/App.php(899): App::_checkFatalError()
#4 [internal function]: App::shutdown()
#5 {main}
2013-09-05 19:52:03 Error: [NotFoundException] Invalid sell
#0 [internal function]: SellsController->edit('sellsdetails', 'delete', '48')
#1 /var/www/inventory/lib/Cake/Controller/Controller.php(485): ReflectionMethod->invokeArgs(Object(SellsController), Array)
#2 /var/www/inventory/lib/Cake/Routing/Dispatcher.php(186): Controller->invokeAction(Object(CakeRequest))
#3 /var/www/inventory/lib/Cake/Routing/Dispatcher.php(161): Dispatcher->_invoke(Object(SellsController), Object(CakeRequest), Object(CakeResponse))
#4 /var/www/inventory/app/webroot/index.php(92): Dispatcher->dispatch(Object(CakeRequest), Object(CakeResponse))
#5 {main}
2013-09-05 20:00:43 Error: [MethodNotAllowedException] Method Not Allowed
#0 [internal function]: SellsdetailsController->delete('48')
#1 /var/www/inventory/lib/Cake/Controller/Controller.php(485): ReflectionMethod->invokeArgs(Object(SellsdetailsController), Array)
#2 /var/www/inventory/lib/Cake/Routing/Dispatcher.php(186): Controller->invokeAction(Object(CakeRequest))
#3 /var/www/inventory/lib/Cake/Routing/Dispatcher.php(161): Dispatcher->_invoke(Object(SellsdetailsController), Object(CakeRequest), Object(CakeResponse))
#4 /var/www/inventory/app/webroot/index.php(92): Dispatcher->dispatch(Object(CakeRequest), Object(CakeResponse))
#5 {main}
2013-09-06 00:48:22 Error: [PDOException] SQLSTATE[42S02]: Base table or view not found: 1146 Table 'inventory.Product' doesn't exist
#0 /var/www/inventory/lib/Cake/Model/Datasource/DboSource.php(461): PDOStatement->execute(Array)
#1 /var/www/inventory/lib/Cake/Model/Datasource/DboSource.php(427): DboSource->_execute('Select * From p...', Array)
#2 /var/www/inventory/lib/Cake/Model/Datasource/DboSource.php(671): DboSource->execute('Select * From p...', Array, Array)
#3 /var/www/inventory/lib/Cake/Model/Datasource/DboSource.php(540): DboSource->fetchAll('Select * From p...')
#4 [internal function]: DboSource->query('Select * From p...')
#5 /var/www/inventory/lib/Cake/Model/Model.php(2996): call_user_func_array(Array, Array)
#6 /var/www/inventory/app/Model/Purchasedetail.php(137): Model->query('Select * From p...')
#7 /var/www/inventory/app/Controller/PurchasedetailsController.php(25): Purchasedetail->GetPurchaseList()
#8 [internal function]: PurchasedetailsController->sellsitems()
#9 /var/www/inventory/lib/Cake/Controller/Controller.php(485): ReflectionMethod->invokeArgs(Object(PurchasedetailsController), Array)
#10 /var/www/inventory/lib/Cake/Routing/Dispatcher.php(186): Controller->invokeAction(Object(CakeRequest))
#11 /var/www/inventory/lib/Cake/Routing/Dispatcher.php(161): Dispatcher->_invoke(Object(PurchasedetailsController), Object(CakeRequest), Object(CakeResponse))
#12 /var/www/inventory/app/webroot/index.php(92): Dispatcher->dispatch(Object(CakeRequest), Object(CakeResponse))
#13 {main}
2013-09-06 00:48:25 Error: [PDOException] SQLSTATE[42S02]: Base table or view not found: 1146 Table 'inventory.Product' doesn't exist
#0 /var/www/inventory/lib/Cake/Model/Datasource/DboSource.php(461): PDOStatement->execute(Array)
#1 /var/www/inventory/lib/Cake/Model/Datasource/DboSource.php(427): DboSource->_execute('Select * From p...', Array)
#2 /var/www/inventory/lib/Cake/Model/Datasource/DboSource.php(671): DboSource->execute('Select * From p...', Array, Array)
#3 /var/www/inventory/lib/Cake/Model/Datasource/DboSource.php(540): DboSource->fetchAll('Select * From p...')
#4 [internal function]: DboSource->query('Select * From p...')
#5 /var/www/inventory/lib/Cake/Model/Model.php(2996): call_user_func_array(Array, Array)
#6 /var/www/inventory/app/Model/Purchasedetail.php(137): Model->query('Select * From p...')
#7 /var/www/inventory/app/Controller/PurchasedetailsController.php(25): Purchasedetail->GetPurchaseList()
#8 [internal function]: PurchasedetailsController->sellsitems()
#9 /var/www/inventory/lib/Cake/Controller/Controller.php(485): ReflectionMethod->invokeArgs(Object(PurchasedetailsController), Array)
#10 /var/www/inventory/lib/Cake/Routing/Dispatcher.php(186): Controller->invokeAction(Object(CakeRequest))
#11 /var/www/inventory/lib/Cake/Routing/Dispatcher.php(161): Dispatcher->_invoke(Object(PurchasedetailsController), Object(CakeRequest), Object(CakeResponse))
#12 /var/www/inventory/app/webroot/index.php(92): Dispatcher->dispatch(Object(CakeRequest), Object(CakeResponse))
#13 {main}
2013-09-06 00:48:28 Error: [PDOException] SQLSTATE[42S02]: Base table or view not found: 1146 Table 'inventory.Product' doesn't exist
#0 /var/www/inventory/lib/Cake/Model/Datasource/DboSource.php(461): PDOStatement->execute(Array)
#1 /var/www/inventory/lib/Cake/Model/Datasource/DboSource.php(427): DboSource->_execute('Select * From p...', Array)
#2 /var/www/inventory/lib/Cake/Model/Datasource/DboSource.php(671): DboSource->execute('Select * From p...', Array, Array)
#3 /var/www/inventory/lib/Cake/Model/Datasource/DboSource.php(540): DboSource->fetchAll('Select * From p...')
#4 [internal function]: DboSource->query('Select * From p...')
#5 /var/www/inventory/lib/Cake/Model/Model.php(2996): call_user_func_array(Array, Array)
#6 /var/www/inventory/app/Model/Purchasedetail.php(137): Model->query('Select * From p...')
#7 /var/www/inventory/app/Controller/PurchasedetailsController.php(25): Purchasedetail->GetPurchaseList()
#8 [internal function]: PurchasedetailsController->sellsitems()
#9 /var/www/inventory/lib/Cake/Controller/Controller.php(485): ReflectionMethod->invokeArgs(Object(PurchasedetailsController), Array)
#10 /var/www/inventory/lib/Cake/Routing/Dispatcher.php(186): Controller->invokeAction(Object(CakeRequest))
#11 /var/www/inventory/lib/Cake/Routing/Dispatcher.php(161): Dispatcher->_invoke(Object(PurchasedetailsController), Object(CakeRequest), Object(CakeResponse))
#12 /var/www/inventory/app/webroot/index.php(92): Dispatcher->dispatch(Object(CakeRequest), Object(CakeResponse))
#13 {main}
2013-09-06 00:48:28 Error: [PDOException] SQLSTATE[42S02]: Base table or view not found: 1146 Table 'inventory.Product' doesn't exist
#0 /var/www/inventory/lib/Cake/Model/Datasource/DboSource.php(461): PDOStatement->execute(Array)
#1 /var/www/inventory/lib/Cake/Model/Datasource/DboSource.php(427): DboSource->_execute('Select * From p...', Array)
#2 /var/www/inventory/lib/Cake/Model/Datasource/DboSource.php(671): DboSource->execute('Select * From p...', Array, Array)
#3 /var/www/inventory/lib/Cake/Model/Datasource/DboSource.php(540): DboSource->fetchAll('Select * From p...')
#4 [internal function]: DboSource->query('Select * From p...')
#5 /var/www/inventory/lib/Cake/Model/Model.php(2996): call_user_func_array(Array, Array)
#6 /var/www/inventory/app/Model/Purchasedetail.php(137): Model->query('Select * From p...')
#7 /var/www/inventory/app/Controller/PurchasedetailsController.php(25): Purchasedetail->GetPurchaseList()
#8 [internal function]: PurchasedetailsController->sellsitems()
#9 /var/www/inventory/lib/Cake/Controller/Controller.php(485): ReflectionMethod->invokeArgs(Object(PurchasedetailsController), Array)
#10 /var/www/inventory/lib/Cake/Routing/Dispatcher.php(186): Controller->invokeAction(Object(CakeRequest))
#11 /var/www/inventory/lib/Cake/Routing/Dispatcher.php(161): Dispatcher->_invoke(Object(PurchasedetailsController), Object(CakeRequest), Object(CakeResponse))
#12 /var/www/inventory/app/webroot/index.php(92): Dispatcher->dispatch(Object(CakeRequest), Object(CakeResponse))
#13 {main}
2013-09-06 00:48:29 Error: [PDOException] SQLSTATE[42S02]: Base table or view not found: 1146 Table 'inventory.Product' doesn't exist
#0 /var/www/inventory/lib/Cake/Model/Datasource/DboSource.php(461): PDOStatement->execute(Array)
#1 /var/www/inventory/lib/Cake/Model/Datasource/DboSource.php(427): DboSource->_execute('Select * From p...', Array)
#2 /var/www/inventory/lib/Cake/Model/Datasource/DboSource.php(671): DboSource->execute('Select * From p...', Array, Array)
#3 /var/www/inventory/lib/Cake/Model/Datasource/DboSource.php(540): DboSource->fetchAll('Select * From p...')
#4 [internal function]: DboSource->query('Select * From p...')
#5 /var/www/inventory/lib/Cake/Model/Model.php(2996): call_user_func_array(Array, Array)
#6 /var/www/inventory/app/Model/Purchasedetail.php(137): Model->query('Select * From p...')
#7 /var/www/inventory/app/Controller/PurchasedetailsController.php(25): Purchasedetail->GetPurchaseList()
#8 [internal function]: PurchasedetailsController->sellsitems()
#9 /var/www/inventory/lib/Cake/Controller/Controller.php(485): ReflectionMethod->invokeArgs(Object(PurchasedetailsController), Array)
#10 /var/www/inventory/lib/Cake/Routing/Dispatcher.php(186): Controller->invokeAction(Object(CakeRequest))
#11 /var/www/inventory/lib/Cake/Routing/Dispatcher.php(161): Dispatcher->_invoke(Object(PurchasedetailsController), Object(CakeRequest), Object(CakeResponse))
#12 /var/www/inventory/app/webroot/index.php(92): Dispatcher->dispatch(Object(CakeRequest), Object(CakeResponse))
#13 {main}
2013-09-06 00:48:39 Error: [PDOException] SQLSTATE[42S02]: Base table or view not found: 1146 Table 'inventory.Product' doesn't exist
#0 /var/www/inventory/lib/Cake/Model/Datasource/DboSource.php(461): PDOStatement->execute(Array)
#1 /var/www/inventory/lib/Cake/Model/Datasource/DboSource.php(427): DboSource->_execute('Select * From p...', Array)
#2 /var/www/inventory/lib/Cake/Model/Datasource/DboSource.php(671): DboSource->execute('Select * From p...', Array, Array)
#3 /var/www/inventory/lib/Cake/Model/Datasource/DboSource.php(540): DboSource->fetchAll('Select * From p...')
#4 [internal function]: DboSource->query('Select * From p...')
#5 /var/www/inventory/lib/Cake/Model/Model.php(2996): call_user_func_array(Array, Array)
#6 /var/www/inventory/app/Model/Purchasedetail.php(137): Model->query('Select * From p...')
#7 /var/www/inventory/app/Controller/PurchasedetailsController.php(25): Purchasedetail->GetPurchaseList()
#8 [internal function]: PurchasedetailsController->sellsitems()
#9 /var/www/inventory/lib/Cake/Controller/Controller.php(485): ReflectionMethod->invokeArgs(Object(PurchasedetailsController), Array)
#10 /var/www/inventory/lib/Cake/Routing/Dispatcher.php(186): Controller->invokeAction(Object(CakeRequest))
#11 /var/www/inventory/lib/Cake/Routing/Dispatcher.php(161): Dispatcher->_invoke(Object(PurchasedetailsController), Object(CakeRequest), Object(CakeResponse))
#12 /var/www/inventory/app/webroot/index.php(92): Dispatcher->dispatch(Object(CakeRequest), Object(CakeResponse))
#13 {main}
2013-09-06 18:42:21 Error: [PDOException] SQLSTATE[42S22]: Column not found: 1054 Unknown column 'Productserial.product_id' in 'field list'
#0 /var/www/inventory/lib/Cake/Model/Datasource/DboSource.php(461): PDOStatement->execute(Array)
#1 /var/www/inventory/lib/Cake/Model/Datasource/DboSource.php(427): DboSource->_execute('SELECT `Product...', Array)
#2 /var/www/inventory/lib/Cake/Model/Datasource/DboSource.php(671): DboSource->execute('SELECT `Product...', Array, Array)
#3 /var/www/inventory/lib/Cake/Model/Datasource/DboSource.php(1342): DboSource->fetchAll('SELECT `Product...', false)
#4 /var/www/inventory/lib/Cake/Model/Datasource/DboSource.php(1204): DboSource->fetchAssociated(Object(Product), 'SELECT `Product...', Array)
#5 /var/www/inventory/lib/Cake/Model/Datasource/DboSource.php(1117): DboSource->queryAssociation(Object(Product), Object(Productserial), 'hasMany', 'Productserial', Array, Array, true, Array, 0, Array)
#6 /var/www/inventory/lib/Cake/Model/Model.php(2630): DboSource->read(Object(Product), Array)
#7 /var/www/inventory/lib/Cake/Model/Model.php(1516): Model->find('first', Array)
#8 /var/www/inventory/app/Controller/ProductsController.php(75): Model->read(NULL, '15')
#9 [internal function]: ProductsController->edit('15')
#10 /var/www/inventory/lib/Cake/Controller/Controller.php(485): ReflectionMethod->invokeArgs(Object(ProductsController), Array)
#11 /var/www/inventory/lib/Cake/Routing/Dispatcher.php(186): Controller->invokeAction(Object(CakeRequest))
#12 /var/www/inventory/lib/Cake/Routing/Dispatcher.php(161): Dispatcher->_invoke(Object(ProductsController), Object(CakeRequest), Object(CakeResponse))
#13 /var/www/inventory/app/webroot/index.php(92): Dispatcher->dispatch(Object(CakeRequest), Object(CakeResponse))
#14 {main}
2013-09-08 19:57:08 Error: [MissingViewException] View file "/var/www/inventory/app/View/Sells/invoice.ctp" is missing.
#0 /var/www/inventory/lib/Cake/View/View.php(472): View->_getViewFileName('invoice')
#1 /var/www/inventory/lib/Cake/Controller/Controller.php(957): View->render('invoice', NULL)
#2 /var/www/inventory/app/Controller/SellsController.php(32): Controller->render('invoice')
#3 [internal function]: SellsController->view('66')
#4 /var/www/inventory/lib/Cake/Controller/Controller.php(485): ReflectionMethod->invokeArgs(Object(SellsController), Array)
#5 /var/www/inventory/lib/Cake/Routing/Dispatcher.php(186): Controller->invokeAction(Object(CakeRequest))
#6 /var/www/inventory/lib/Cake/Routing/Dispatcher.php(161): Dispatcher->_invoke(Object(SellsController), Object(CakeRequest), Object(CakeResponse))
#7 /var/www/inventory/app/webroot/index.php(92): Dispatcher->dispatch(Object(CakeRequest), Object(CakeResponse))
#8 {main}
2013-09-10 07:43:36 Error: [NotFoundException] Invalid payment
#0 [internal function]: PaymentsController->add()
#1 /var/www/inventory/lib/Cake/Controller/Controller.php(485): ReflectionMethod->invokeArgs(Object(PaymentsController), Array)
#2 /var/www/inventory/lib/Cake/Routing/Dispatcher.php(186): Controller->invokeAction(Object(CakeRequest))
#3 /var/www/inventory/lib/Cake/Routing/Dispatcher.php(161): Dispatcher->_invoke(Object(PaymentsController), Object(CakeRequest), Object(CakeResponse))
#4 /var/www/inventory/app/webroot/index.php(92): Dispatcher->dispatch(Object(CakeRequest), Object(CakeResponse))
#5 {main}
2013-09-11 07:02:59 Error: [NotFoundException] Invalid payment
#0 [internal function]: PaymentsController->add()
#1 /var/www/inventory/lib/Cake/Controller/Controller.php(485): ReflectionMethod->invokeArgs(Object(PaymentsController), Array)
#2 /var/www/inventory/lib/Cake/Routing/Dispatcher.php(186): Controller->invokeAction(Object(CakeRequest))
#3 /var/www/inventory/lib/Cake/Routing/Dispatcher.php(161): Dispatcher->_invoke(Object(PaymentsController), Object(CakeRequest), Object(CakeResponse))
#4 /var/www/inventory/app/webroot/index.php(92): Dispatcher->dispatch(Object(CakeRequest), Object(CakeResponse))
#5 {main}
2013-09-11 07:15:33 Error: [PDOException] SQLSTATE[42000]: Syntax error or access violation: 1064 You have an error in your SQL syntax; check the manual that corresponds to your MySQL server version for the right syntax to use near 'WHERE invoiceId ='69'' at line 1
#0 /var/www/inventory/lib/Cake/Model/Datasource/DboSource.php(461): PDOStatement->execute(Array)
#1 /var/www/inventory/lib/Cake/Model/Datasource/DboSource.php(427): DboSource->_execute('Select SUM(paid...', Array)
#2 /var/www/inventory/lib/Cake/Model/Datasource/DboSource.php(671): DboSource->execute('Select SUM(paid...', Array, Array)
#3 /var/www/inventory/lib/Cake/Model/Datasource/DboSource.php(540): DboSource->fetchAll('Select SUM(paid...')
#4 [internal function]: DboSource->query('Select SUM(paid...')
#5 /var/www/inventory/lib/Cake/Model/Model.php(2996): call_user_func_array(Array, Array)
#6 /var/www/inventory/app/Model/Payment.php(38): Model->query('Select SUM(paid...')
#7 /var/www/inventory/app/Controller/SellsController.php(106): Payment->getPaidByInvoice('69')
#8 [internal function]: SellsController->edit('69')
#9 /var/www/inventory/lib/Cake/Controller/Controller.php(485): ReflectionMethod->invokeArgs(Object(SellsController), Array)
#10 /var/www/inventory/lib/Cake/Routing/Dispatcher.php(186): Controller->invokeAction(Object(CakeRequest))
#11 /var/www/inventory/lib/Cake/Routing/Dispatcher.php(161): Dispatcher->_invoke(Object(SellsController), Object(CakeRequest), Object(CakeResponse))
#12 /var/www/inventory/app/webroot/index.php(92): Dispatcher->dispatch(Object(CakeRequest), Object(CakeResponse))
#13 {main}
2013-09-11 07:16:19 Error: [PDOException] SQLSTATE[42000]: Syntax error or access violation: 1064 You have an error in your SQL syntax; check the manual that corresponds to your MySQL server version for the right syntax to use near 'WHERE invoiceId ='69'' at line 1
#0 /var/www/inventory/lib/Cake/Model/Datasource/DboSource.php(461): PDOStatement->execute(Array)
#1 /var/www/inventory/lib/Cake/Model/Datasource/DboSource.php(427): DboSource->_execute('Select SUM(paid...', Array)
#2 /var/www/inventory/lib/Cake/Model/Datasource/DboSource.php(671): DboSource->execute('Select SUM(paid...', Array, Array)
#3 /var/www/inventory/lib/Cake/Model/Datasource/DboSource.php(540): DboSource->fetchAll('Select SUM(paid...')
#4 [internal function]: DboSource->query('Select SUM(paid...')
#5 /var/www/inventory/lib/Cake/Model/Model.php(2996): call_user_func_array(Array, Array)
#6 /var/www/inventory/app/Model/Payment.php(38): Model->query('Select SUM(paid...')
#7 /var/www/inventory/app/Controller/SellsController.php(106): Payment->getPaidByInvoice('69')
#8 [internal function]: SellsController->edit('69')
#9 /var/www/inventory/lib/Cake/Controller/Controller.php(485): ReflectionMethod->invokeArgs(Object(SellsController), Array)
#10 /var/www/inventory/lib/Cake/Routing/Dispatcher.php(186): Controller->invokeAction(Object(CakeRequest))
#11 /var/www/inventory/lib/Cake/Routing/Dispatcher.php(161): Dispatcher->_invoke(Object(SellsController), Object(CakeRequest), Object(CakeResponse))
#12 /var/www/inventory/app/webroot/index.php(92): Dispatcher->dispatch(Object(CakeRequest), Object(CakeResponse))
#13 {main}
2013-09-11 07:16:42 Error: [PDOException] SQLSTATE[42000]: Syntax error or access violation: 1064 You have an error in your SQL syntax; check the manual that corresponds to your MySQL server version for the right syntax to use near 'WHERE invoiceId =69' at line 1
#0 /var/www/inventory/lib/Cake/Model/Datasource/DboSource.php(461): PDOStatement->execute(Array)
#1 /var/www/inventory/lib/Cake/Model/Datasource/DboSource.php(427): DboSource->_execute('Select SUM(paid...', Array)
#2 /var/www/inventory/lib/Cake/Model/Datasource/DboSource.php(671): DboSource->execute('Select SUM(paid...', Array, Array)
#3 /var/www/inventory/lib/Cake/Model/Datasource/DboSource.php(540): DboSource->fetchAll('Select SUM(paid...')
#4 [internal function]: DboSource->query('Select SUM(paid...')
#5 /var/www/inventory/lib/Cake/Model/Model.php(2996): call_user_func_array(Array, Array)
#6 /var/www/inventory/app/Model/Payment.php(38): Model->query('Select SUM(paid...')
#7 /var/www/inventory/app/Controller/SellsController.php(106): Payment->getPaidByInvoice('69')
#8 [internal function]: SellsController->edit('69')
#9 /var/www/inventory/lib/Cake/Controller/Controller.php(485): ReflectionMethod->invokeArgs(Object(SellsController), Array)
#10 /var/www/inventory/lib/Cake/Routing/Dispatcher.php(186): Controller->invokeAction(Object(CakeRequest))
#11 /var/www/inventory/lib/Cake/Routing/Dispatcher.php(161): Dispatcher->_invoke(Object(SellsController), Object(CakeRequest), Object(CakeResponse))
#12 /var/www/inventory/app/webroot/index.php(92): Dispatcher->dispatch(Object(CakeRequest), Object(CakeResponse))
#13 {main}
2013-09-11 23:11:14 Error: [NotFoundException] Invalid payment
#0 [internal function]: PaymentsController->add()
#1 /var/www/inventory/lib/Cake/Controller/Controller.php(485): ReflectionMethod->invokeArgs(Object(PaymentsController), Array)
#2 /var/www/inventory/lib/Cake/Routing/Dispatcher.php(186): Controller->invokeAction(Object(CakeRequest))
#3 /var/www/inventory/lib/Cake/Routing/Dispatcher.php(161): Dispatcher->_invoke(Object(PaymentsController), Object(CakeRequest), Object(CakeResponse))
#4 /var/www/inventory/app/webroot/index.php(92): Dispatcher->dispatch(Object(CakeRequest), Object(CakeResponse))
#5 {main}
2013-09-13 22:22:09 Error: [MissingViewException] View file "/var/www/inventory/app/View/Reports/index.ctp" is missing.
#0 /var/www/inventory/lib/Cake/View/View.php(472): View->_getViewFileName(NULL)
#1 /var/www/inventory/lib/Cake/Controller/Controller.php(957): View->render(NULL, NULL)
#2 /var/www/inventory/lib/Cake/Routing/Dispatcher.php(193): Controller->render()
#3 /var/www/inventory/lib/Cake/Routing/Dispatcher.php(161): Dispatcher->_invoke(Object(ReportsController), Object(CakeRequest), Object(CakeResponse))
#4 /var/www/inventory/app/webroot/index.php(92): Dispatcher->dispatch(Object(CakeRequest), Object(CakeResponse))
#5 {main}
2013-09-21 19:41:24 Error: [MissingControllerException] Controller class Sells]Controller could not be found.
#0 /var/www/inventory/app/webroot/index.php(92): Dispatcher->dispatch(Object(CakeRequest), Object(CakeResponse))
#1 {main}
2013-09-28 19:44:40 Error: [MissingControllerException] Controller class PurchasesdetailsController could not be found.
#0 /var/www/inventory/app/webroot/index.php(92): Dispatcher->dispatch(Object(CakeRequest), Object(CakeResponse))
#1 {main}
2013-10-02 22:49:45 Error: [MissingControllerException] Controller class PurchasesdetailsController could not be found.
#0 /var/www/inventory/app/webroot/index.php(92): Dispatcher->dispatch(Object(CakeRequest), Object(CakeResponse))
#1 {main}
2013-10-02 22:55:00 Error: [MissingTableException] Table puchasedetails for model Puchasedetail was not found in datasource default.
#0 /var/www/inventory/lib/Cake/Model/Model.php(3179): Model->setSource('puchasedetails')
#1 /var/www/inventory/lib/Cake/Model/Datasource/DboSource.php(1068): Model->getDataSource()
#2 /var/www/inventory/lib/Cake/Model/Model.php(2630): DboSource->read(Object(Brand), Array)
#3 /var/www/inventory/lib/Cake/Model/Model.php(1516): Model->find('first', Array)
#4 /var/www/inventory/app/Controller/BrandsController.php(32): Model->read(NULL, '1')
#5 [internal function]: BrandsController->view('1')
#6 /var/www/inventory/lib/Cake/Controller/Controller.php(485): ReflectionMethod->invokeArgs(Object(BrandsController), Array)
#7 /var/www/inventory/lib/Cake/Routing/Dispatcher.php(186): Controller->invokeAction(Object(CakeRequest))
#8 /var/www/inventory/lib/Cake/Routing/Dispatcher.php(161): Dispatcher->_invoke(Object(BrandsController), Object(CakeRequest), Object(CakeResponse))
#9 /var/www/inventory/app/webroot/index.php(92): Dispatcher->dispatch(Object(CakeRequest), Object(CakeResponse))
#10 {main}
2013-10-15 23:33:33 Error: [MissingControllerException] Controller class CompanyController could not be found.
#0 /var/www/inventory/app/webroot/index.php(92): Dispatcher->dispatch(Object(CakeRequest), Object(CakeResponse))
#1 {main}
2013-10-17 22:01:32 Error: [MissingViewException] View file "/var/www/inventory/app/View/Purchases/view.ctp" is missing.
#0 /var/www/inventory/lib/Cake/View/View.php(472): View->_getViewFileName(NULL)
#1 /var/www/inventory/lib/Cake/Controller/Controller.php(957): View->render(NULL, NULL)
#2 /var/www/inventory/lib/Cake/Routing/Dispatcher.php(193): Controller->render()
#3 /var/www/inventory/lib/Cake/Routing/Dispatcher.php(161): Dispatcher->_invoke(Object(PurchasesController), Object(CakeRequest), Object(CakeResponse))
#4 /var/www/inventory/app/webroot/index.php(92): Dispatcher->dispatch(Object(CakeRequest), Object(CakeResponse))
#5 {main}
2013-10-17 23:09:52 Error: [MissingTableException] Table puchasedetails for model Puchasedetail was not found in datasource default.
#0 /var/www/inventory/lib/Cake/Model/Model.php(3179): Model->setSource('puchasedetails')
#1 /var/www/inventory/lib/Cake/Model/Datasource/DboSource.php(1068): Model->getDataSource()
#2 /var/www/inventory/lib/Cake/Model/Model.php(2630): DboSource->read(Object(Brand), Array)
#3 /var/www/inventory/lib/Cake/Model/Model.php(1516): Model->find('first', Array)
#4 /var/www/inventory/app/Controller/BrandsController.php(32): Model->read(NULL, '1')
#5 [internal function]: BrandsController->view('1')
#6 /var/www/inventory/lib/Cake/Controller/Controller.php(485): ReflectionMethod->invokeArgs(Object(BrandsController), Array)
#7 /var/www/inventory/lib/Cake/Routing/Dispatcher.php(186): Controller->invokeAction(Object(CakeRequest))
#8 /var/www/inventory/lib/Cake/Routing/Dispatcher.php(161): Dispatcher->_invoke(Object(BrandsController), Object(CakeRequest), Object(CakeResponse))
#9 /var/www/inventory/app/webroot/index.php(92): Dispatcher->dispatch(Object(CakeRequest), Object(CakeResponse))
#10 {main}
2013-11-26 16:41:19 Error: [MissingTableException] Table puchasedetails for model Puchasedetail was not found in datasource default.
#0 /var/www/inventory/lib/Cake/Model/Model.php(3179): Model->setSource('puchasedetails')
#1 /var/www/inventory/lib/Cake/Model/Datasource/DboSource.php(1068): Model->getDataSource()
#2 /var/www/inventory/lib/Cake/Model/Model.php(2630): DboSource->read(Object(Brand), Array)
#3 /var/www/inventory/lib/Cake/Model/Model.php(1516): Model->find('first', Array)
#4 /var/www/inventory/app/Controller/BrandsController.php(32): Model->read(NULL, '1')
#5 [internal function]: BrandsController->view('1')
#6 /var/www/inventory/lib/Cake/Controller/Controller.php(485): ReflectionMethod->invokeArgs(Object(BrandsController), Array)
#7 /var/www/inventory/lib/Cake/Routing/Dispatcher.php(186): Controller->invokeAction(Object(CakeRequest))
#8 /var/www/inventory/lib/Cake/Routing/Dispatcher.php(161): Dispatcher->_invoke(Object(BrandsController), Object(CakeRequest), Object(CakeResponse))
#9 /var/www/inventory/app/webroot/index.php(92): Dispatcher->dispatch(Object(CakeRequest), Object(CakeResponse))
#10 {main}
2013-11-26 17:00:17 Error: [MissingControllerException] Controller class LocationController could not be found.
#0 /var/www/inventory/app/webroot/index.php(92): Dispatcher->dispatch(Object(CakeRequest), Object(CakeResponse))
#1 {main}
